=============== STARTING CRON SCRIPT: May 25, 2013 11:38:25
++++++ Closing expired auctions
0 auctions to close

++++++ Archiving old auctions
0 auctions to archive
=========================== ENDING CRON: May 25, 2013 11:38:25
=============== STARTING CRON SCRIPT: May 25, 2013 11:45:38
++++++ Closing expired auctions
0 auctions to close

++++++ Archiving old auctions
0 auctions to archive
=========================== ENDING CRON: May 25, 2013 11:45:38
=============== STARTING CRON SCRIPT: May 25, 2013 12:00:32
++++++ Closing expired auctions
0 auctions to close

++++++ Archiving old auctions
0 auctions to archive
=========================== ENDING CRON: May 25, 2013 12:00:32
=============== STARTING CRON SCRIPT: May 25, 2013 12:02:25
++++++ Closing expired auctions
0 auctions to close

++++++ Archiving old auctions
0 auctions to archive
=========================== ENDING CRON: May 25, 2013 12:02:25
=============== STARTING CRON SCRIPT: May 25, 2013 12:07:43
++++++ Closing expired auctions
0 auctions to close

++++++ Archiving old auctions
0 auctions to archive
=========================== ENDING CRON: May 25, 2013 12:07:43
=============== STARTING CRON SCRIPT: May 25, 2013 12:08:05
++++++ Closing expired auctions
0 auctions to close

++++++ Archiving old auctions
0 auctions to archive
=========================== ENDING CRON: May 25, 2013 12:08:05
=============== STARTING CRON SCRIPT: May 25, 2013 12:13:47
++++++ Closing expired auctions
0 auctions to close

++++++ Archiving old auctions
0 auctions to archive
=========================== ENDING CRON: May 25, 2013 12:13:47
=============== STARTING CRON SCRIPT: May 25, 2013 12:13:57
++++++ Closing expired auctions
0 auctions to close

++++++ Archiving old auctions
0 auctions to archive
=========================== ENDING CRON: May 25, 2013 12:13:57
=============== STARTING CRON SCRIPT: May 25, 2013 12:18:50
++++++ Closing expired auctions
0 auctions to close

++++++ Archiving old auctions
0 auctions to archive
=========================== ENDING CRON: May 25, 2013 12:18:50
=============== STARTING CRON SCRIPT: May 25, 2013 12:22:43
++++++ Closing expired auctions
0 auctions to close

++++++ Archiving old auctions
0 auctions to archive
=========================== ENDING CRON: May 25, 2013 12:22:43
=============== STARTING CRON SCRIPT: May 25, 2013 12:23:39
++++++ Closing expired auctions
0 auctions to close

++++++ Archiving old auctions
0 auctions to archive
=========================== ENDING CRON: May 25, 2013 12:23:39
=============== STARTING CRON SCRIPT: May 25, 2013 12:38:28
++++++ Closing expired auctions
0 auctions to close

++++++ Archiving old auctions
0 auctions to archive
=========================== ENDING CRON: May 25, 2013 12:38:28
=============== STARTING CRON SCRIPT: May 25, 2013 12:45:47
++++++ Closing expired auctions
0 auctions to close

++++++ Archiving old auctions
0 auctions to archive
=========================== ENDING CRON: May 25, 2013 12:45:47
=============== STARTING CRON SCRIPT: May 25, 2013 12:50:13
++++++ Closing expired auctions
0 auctions to close

++++++ Archiving old auctions
0 auctions to archive
=========================== ENDING CRON: May 25, 2013 12:50:13
=============== STARTING CRON SCRIPT: May 25, 2013 13:02:30
++++++ Closing expired auctions
0 auctions to close

++++++ Archiving old auctions
0 auctions to archive
=========================== ENDING CRON: May 25, 2013 13:02:30
=============== STARTING CRON SCRIPT: May 25, 2013 13:07:10
++++++ Closing expired auctions
0 auctions to close

++++++ Archiving old auctions
0 auctions to archive
=========================== ENDING CRON: May 25, 2013 13:07:10
=============== STARTING CRON SCRIPT: May 25, 2013 13:08:13
++++++ Closing expired auctions
0 auctions to close

++++++ Archiving old auctions
0 auctions to archive
=========================== ENDING CRON: May 25, 2013 13:08:13
=============== STARTING CRON SCRIPT: May 25, 2013 13:09:34
++++++ Closing expired auctions
0 auctions to close

++++++ Archiving old auctions
0 auctions to archive
=========================== ENDING CRON: May 25, 2013 13:09:34
=============== STARTING CRON SCRIPT: May 25, 2013 13:11:59
++++++ Closing expired auctions
0 auctions to close

++++++ Archiving old auctions
0 auctions to archive
=========================== ENDING CRON: May 25, 2013 13:11:59
=============== STARTING CRON SCRIPT: May 25, 2013 13:13:43
++++++ Closing expired auctions
0 auctions to close

++++++ Archiving old auctions
0 auctions to archive
=========================== ENDING CRON: May 25, 2013 13:13:43
=============== STARTING CRON SCRIPT: May 25, 2013 13:15:12
++++++ Closing expired auctions
0 auctions to close

++++++ Archiving old auctions
0 auctions to archive
=========================== ENDING CRON: May 25, 2013 13:15:12
=============== STARTING CRON SCRIPT: May 25, 2013 13:15:34
++++++ Closing expired auctions
0 auctions to close

++++++ Archiving old auctions
0 auctions to archive
=========================== ENDING CRON: May 25, 2013 13:15:34
=============== STARTING CRON SCRIPT: May 25, 2013 13:16:32
++++++ Closing expired auctions
0 auctions to close

++++++ Archiving old auctions
0 auctions to archive
=========================== ENDING CRON: May 25, 2013 13:16:32
=============== STARTING CRON SCRIPT: May 25, 2013 13:17:04
++++++ Closing expired auctions
0 auctions to close

++++++ Archiving old auctions
0 auctions to archive
=========================== ENDING CRON: May 25, 2013 13:17:04
=============== STARTING CRON SCRIPT: May 25, 2013 13:18:14
++++++ Closing expired auctions
0 auctions to close

++++++ Archiving old auctions
0 auctions to archive
=========================== ENDING CRON: May 25, 2013 13:18:14
=============== STARTING CRON SCRIPT: May 25, 2013 13:18:53
++++++ Closing expired auctions
0 auctions to close

++++++ Archiving old auctions
0 auctions to archive
=========================== ENDING CRON: May 25, 2013 13:18:53
=============== STARTING CRON SCRIPT: May 25, 2013 13:19:00
++++++ Closing expired auctions
0 auctions to close

++++++ Archiving old auctions
0 auctions to archive
=========================== ENDING CRON: May 25, 2013 13:19:00
=============== STARTING CRON SCRIPT: May 25, 2013 13:19:38
++++++ Closing expired auctions
0 auctions to close

++++++ Archiving old auctions
0 auctions to archive
=========================== ENDING CRON: May 25, 2013 13:19:38
=============== STARTING CRON SCRIPT: May 25, 2013 13:21:59
++++++ Closing expired auctions
0 auctions to close

++++++ Archiving old auctions
0 auctions to archive
=========================== ENDING CRON: May 25, 2013 13:21:59
=============== STARTING CRON SCRIPT: May 25, 2013 13:23:48
++++++ Closing expired auctions
0 auctions to close

++++++ Archiving old auctions
0 auctions to archive
=========================== ENDING CRON: May 25, 2013 13:23:48
=============== STARTING CRON SCRIPT: May 25, 2013 13:24:32
++++++ Closing expired auctions
0 auctions to close

++++++ Archiving old auctions
0 auctions to archive
=========================== ENDING CRON: May 25, 2013 13:24:32
=============== STARTING CRON SCRIPT: May 25, 2013 13:25:15
++++++ Closing expired auctions
0 auctions to close

++++++ Archiving old auctions
0 auctions to archive
=========================== ENDING CRON: May 25, 2013 13:25:15
=============== STARTING CRON SCRIPT: May 25, 2013 13:25:48
++++++ Closing expired auctions
0 auctions to close

++++++ Archiving old auctions
0 auctions to archive
=========================== ENDING CRON: May 25, 2013 13:25:48
=============== STARTING CRON SCRIPT: May 25, 2013 13:26:18
++++++ Closing expired auctions
0 auctions to close

++++++ Archiving old auctions
0 auctions to archive
=========================== ENDING CRON: May 25, 2013 13:26:18
=============== STARTING CRON SCRIPT: May 25, 2013 13:26:58
++++++ Closing expired auctions
0 auctions to close

++++++ Archiving old auctions
0 auctions to archive
=========================== ENDING CRON: May 25, 2013 13:26:58
=============== STARTING CRON SCRIPT: May 25, 2013 13:27:29
++++++ Closing expired auctions
0 auctions to close

++++++ Archiving old auctions
0 auctions to archive
=========================== ENDING CRON: May 25, 2013 13:27:29
=============== STARTING CRON SCRIPT: May 25, 2013 13:38:15
++++++ Closing expired auctions
0 auctions to close

++++++ Archiving old auctions
0 auctions to archive
=========================== ENDING CRON: May 25, 2013 13:38:15
=============== STARTING CRON SCRIPT: May 25, 2013 13:38:27
++++++ Closing expired auctions
0 auctions to close

++++++ Archiving old auctions
0 auctions to archive
=========================== ENDING CRON: May 25, 2013 13:38:27
=============== STARTING CRON SCRIPT: May 25, 2013 13:39:18
++++++ Closing expired auctions
0 auctions to close

++++++ Archiving old auctions
0 auctions to archive
=========================== ENDING CRON: May 25, 2013 13:39:18
=============== STARTING CRON SCRIPT: May 25, 2013 13:42:22
++++++ Closing expired auctions
0 auctions to close

++++++ Archiving old auctions
0 auctions to archive
=========================== ENDING CRON: May 25, 2013 13:42:22
=============== STARTING CRON SCRIPT: May 25, 2013 13:43:26
++++++ Closing expired auctions
0 auctions to close

++++++ Archiving old auctions
0 auctions to archive
=========================== ENDING CRON: May 25, 2013 13:43:26
=============== STARTING CRON SCRIPT: May 25, 2013 13:50:51
++++++ Closing expired auctions
0 auctions to close

++++++ Archiving old auctions
0 auctions to archive
=========================== ENDING CRON: May 25, 2013 13:50:51
=============== STARTING CRON SCRIPT: May 25, 2013 13:50:54
++++++ Closing expired auctions
0 auctions to close

++++++ Archiving old auctions
0 auctions to archive
=========================== ENDING CRON: May 25, 2013 13:50:54
=============== STARTING CRON SCRIPT: May 25, 2013 13:52:33
++++++ Closing expired auctions
0 auctions to close

++++++ Archiving old auctions
0 auctions to archive
=========================== ENDING CRON: May 25, 2013 13:52:33
=============== STARTING CRON SCRIPT: May 25, 2013 23:07:28
++++++ Closing expired auctions
0 auctions to close

++++++ Archiving old auctions
0 auctions to archive
=========================== ENDING CRON: May 25, 2013 23:07:28
=============== STARTING CRON SCRIPT: May 25, 2013 23:16:40
++++++ Closing expired auctions
0 auctions to close

++++++ Archiving old auctions
0 auctions to archive
=========================== ENDING CRON: May 25, 2013 23:16:40
=============== STARTING CRON SCRIPT: May 25, 2013 23:16:50
++++++ Closing expired auctions
0 auctions to close

++++++ Archiving old auctions
0 auctions to archive
=========================== ENDING CRON: May 25, 2013 23:16:50
=============== STARTING CRON SCRIPT: May 25, 2013 23:21:01
++++++ Closing expired auctions
0 auctions to close

++++++ Archiving old auctions
0 auctions to archive
=========================== ENDING CRON: May 25, 2013 23:21:01
=============== STARTING CRON SCRIPT: May 25, 2013 23:24:04
++++++ Closing expired auctions
0 auctions to close

++++++ Archiving old auctions
0 auctions to archive
=========================== ENDING CRON: May 25, 2013 23:24:04
=============== STARTING CRON SCRIPT: May 25, 2013 23:24:08
++++++ Closing expired auctions
0 auctions to close

++++++ Archiving old auctions
0 auctions to archive
=========================== ENDING CRON: May 25, 2013 23:24:08
=============== STARTING CRON SCRIPT: May 25, 2013 23:27:25
++++++ Closing expired auctions
0 auctions to close

++++++ Archiving old auctions
0 auctions to archive
=========================== ENDING CRON: May 25, 2013 23:27:25
=============== STARTING CRON SCRIPT: May 25, 2013 23:27:29
++++++ Closing expired auctions
0 auctions to close

++++++ Archiving old auctions
0 auctions to archive
=========================== ENDING CRON: May 25, 2013 23:27:29
=============== STARTING CRON SCRIPT: May 25, 2013 23:29:16
++++++ Closing expired auctions
0 auctions to close

++++++ Archiving old auctions
0 auctions to archive
=========================== ENDING CRON: May 25, 2013 23:29:16
=============== STARTING CRON SCRIPT: May 25, 2013 23:29:48
++++++ Closing expired auctions
0 auctions to close

++++++ Archiving old auctions
0 auctions to archive
=========================== ENDING CRON: May 25, 2013 23:29:48
=============== STARTING CRON SCRIPT: May 25, 2013 23:30:40
++++++ Closing expired auctions
0 auctions to close

++++++ Archiving old auctions
0 auctions to archive
=========================== ENDING CRON: May 25, 2013 23:30:40
=============== STARTING CRON SCRIPT: May 25, 2013 23:30:51
++++++ Closing expired auctions
0 auctions to close

++++++ Archiving old auctions
0 auctions to archive
=========================== ENDING CRON: May 25, 2013 23:30:51
=============== STARTING CRON SCRIPT: May 25, 2013 23:31:33
++++++ Closing expired auctions
0 auctions to close

++++++ Archiving old auctions
0 auctions to archive
=========================== ENDING CRON: May 25, 2013 23:31:33
=============== STARTING CRON SCRIPT: May 25, 2013 23:40:19
++++++ Closing expired auctions
0 auctions to close

++++++ Archiving old auctions
0 auctions to archive
=========================== ENDING CRON: May 25, 2013 23:40:20
=============== STARTING CRON SCRIPT: May 25, 2013 23:40:28
++++++ Closing expired auctions
0 auctions to close

++++++ Archiving old auctions
0 auctions to archive
=========================== ENDING CRON: May 25, 2013 23:40:28
=============== STARTING CRON SCRIPT: May 25, 2013 23:42:30
++++++ Closing expired auctions
0 auctions to close

++++++ Archiving old auctions
0 auctions to archive
=========================== ENDING CRON: May 25, 2013 23:42:30
=============== STARTING CRON SCRIPT: May 25, 2013 23:45:05
++++++ Closing expired auctions
0 auctions to close

++++++ Archiving old auctions
0 auctions to archive
=========================== ENDING CRON: May 25, 2013 23:45:05
=============== STARTING CRON SCRIPT: May 25, 2013 23:45:33
++++++ Closing expired auctions
0 auctions to close

++++++ Archiving old auctions
0 auctions to archive
=========================== ENDING CRON: May 25, 2013 23:45:33
=============== STARTING CRON SCRIPT: May 25, 2013 23:46:54
++++++ Closing expired auctions
0 auctions to close

++++++ Archiving old auctions
0 auctions to archive
=========================== ENDING CRON: May 25, 2013 23:46:54
=============== STARTING CRON SCRIPT: May 25, 2013 23:47:59
++++++ Closing expired auctions
0 auctions to close

++++++ Archiving old auctions
0 auctions to archive
=========================== ENDING CRON: May 25, 2013 23:47:59
=============== STARTING CRON SCRIPT: May 25, 2013 23:48:07
++++++ Closing expired auctions
0 auctions to close

++++++ Archiving old auctions
0 auctions to archive
=========================== ENDING CRON: May 25, 2013 23:48:07
=============== STARTING CRON SCRIPT: May 25, 2013 23:48:21
++++++ Closing expired auctions
0 auctions to close

++++++ Archiving old auctions
0 auctions to archive
=========================== ENDING CRON: May 25, 2013 23:48:21
=============== STARTING CRON SCRIPT: May 25, 2013 23:51:45
++++++ Closing expired auctions
0 auctions to close

++++++ Archiving old auctions
0 auctions to archive
=========================== ENDING CRON: May 25, 2013 23:51:45
=============== STARTING CRON SCRIPT: May 25, 2013 23:51:53
++++++ Closing expired auctions
0 auctions to close

++++++ Archiving old auctions
0 auctions to archive
=========================== ENDING CRON: May 25, 2013 23:51:53
=============== STARTING CRON SCRIPT: May 25, 2013 23:54:09
++++++ Closing expired auctions
0 auctions to close

++++++ Archiving old auctions
0 auctions to archive
=========================== ENDING CRON: May 25, 2013 23:54:09
=============== STARTING CRON SCRIPT: May 25, 2013 23:54:45
++++++ Closing expired auctions
0 auctions to close

++++++ Archiving old auctions
0 auctions to archive
=========================== ENDING CRON: May 25, 2013 23:54:45
=============== STARTING CRON SCRIPT: May 25, 2013 23:56:56
++++++ Closing expired auctions
0 auctions to close

++++++ Archiving old auctions
0 auctions to archive
=========================== ENDING CRON: May 25, 2013 23:56:56
=============== STARTING CRON SCRIPT: May 25, 2013 23:58:02
++++++ Closing expired auctions
0 auctions to close

++++++ Archiving old auctions
0 auctions to archive
=========================== ENDING CRON: May 25, 2013 23:58:02
=============== STARTING CRON SCRIPT: May 25, 2013 23:58:06
++++++ Closing expired auctions
0 auctions to close

++++++ Archiving old auctions
0 auctions to archive
=========================== ENDING CRON: May 25, 2013 23:58:06
=============== STARTING CRON SCRIPT: May 25, 2013 23:58:18
++++++ Closing expired auctions
0 auctions to close

++++++ Archiving old auctions
0 auctions to archive
=========================== ENDING CRON: May 25, 2013 23:58:18
=============== STARTING CRON SCRIPT: May 25, 2013 23:59:17
++++++ Closing expired auctions
0 auctions to close

++++++ Archiving old auctions
0 auctions to archive
=========================== ENDING CRON: May 25, 2013 23:59:17
=============== STARTING CRON SCRIPT: May 25, 2013 23:59:22
++++++ Closing expired auctions
0 auctions to close

++++++ Archiving old auctions
0 auctions to archive
=========================== ENDING CRON: May 25, 2013 23:59:22
=============== STARTING CRON SCRIPT: May 26, 2013 00:02:46
++++++ Closing expired auctions
0 auctions to close

++++++ Archiving old auctions
0 auctions to archive
=========================== ENDING CRON: May 26, 2013 00:02:46
=============== STARTING CRON SCRIPT: May 26, 2013 00:03:13
++++++ Closing expired auctions
0 auctions to close

++++++ Archiving old auctions
0 auctions to archive
=========================== ENDING CRON: May 26, 2013 00:03:13
=============== STARTING CRON SCRIPT: May 26, 2013 00:08:17
++++++ Closing expired auctions
0 auctions to close

++++++ Archiving old auctions
0 auctions to archive
=========================== ENDING CRON: May 26, 2013 00:08:17
=============== STARTING CRON SCRIPT: May 26, 2013 00:08:30
++++++ Closing expired auctions
0 auctions to close

++++++ Archiving old auctions
0 auctions to archive
=========================== ENDING CRON: May 26, 2013 00:08:30
=============== STARTING CRON SCRIPT: May 26, 2013 00:10:17
++++++ Closing expired auctions
0 auctions to close

++++++ Archiving old auctions
0 auctions to archive
=========================== ENDING CRON: May 26, 2013 00:10:17
=============== STARTING CRON SCRIPT: May 26, 2013 00:10:22
++++++ Closing expired auctions
0 auctions to close

++++++ Archiving old auctions
0 auctions to archive
=========================== ENDING CRON: May 26, 2013 00:10:22
=============== STARTING CRON SCRIPT: May 26, 2013 00:11:05
++++++ Closing expired auctions
0 auctions to close

++++++ Archiving old auctions
0 auctions to archive
=========================== ENDING CRON: May 26, 2013 00:11:05
=============== STARTING CRON SCRIPT: May 26, 2013 00:38:22
++++++ Closing expired auctions
0 auctions to close

++++++ Archiving old auctions
0 auctions to archive
=========================== ENDING CRON: May 26, 2013 00:38:22
=============== STARTING CRON SCRIPT: May 26, 2013 00:39:40
++++++ Closing expired auctions
0 auctions to close

++++++ Archiving old auctions
0 auctions to archive
=========================== ENDING CRON: May 26, 2013 00:39:40
=============== STARTING CRON SCRIPT: May 26, 2013 00:53:20
++++++ Closing expired auctions
0 auctions to close

++++++ Archiving old auctions
0 auctions to archive
=========================== ENDING CRON: May 26, 2013 00:53:21
=============== STARTING CRON SCRIPT: May 26, 2013 00:53:34
++++++ Closing expired auctions
0 auctions to close

++++++ Archiving old auctions
0 auctions to archive
=========================== ENDING CRON: May 26, 2013 00:53:34
=============== STARTING CRON SCRIPT: May 26, 2013 00:57:19
++++++ Closing expired auctions
0 auctions to close

++++++ Archiving old auctions
0 auctions to archive
=========================== ENDING CRON: May 26, 2013 00:57:19
=============== STARTING CRON SCRIPT: May 26, 2013 00:57:25
++++++ Closing expired auctions
0 auctions to close

++++++ Archiving old auctions
0 auctions to archive
=========================== ENDING CRON: May 26, 2013 00:57:25
=============== STARTING CRON SCRIPT: May 26, 2013 00:58:02
++++++ Closing expired auctions
0 auctions to close

++++++ Archiving old auctions
0 auctions to archive
=========================== ENDING CRON: May 26, 2013 00:58:02
=============== STARTING CRON SCRIPT: May 26, 2013 01:02:03
++++++ Closing expired auctions
0 auctions to close

++++++ Archiving old auctions
0 auctions to archive
=========================== ENDING CRON: May 26, 2013 01:02:03
=============== STARTING CRON SCRIPT: May 26, 2013 01:05:38
++++++ Closing expired auctions
0 auctions to close

++++++ Archiving old auctions
0 auctions to archive
=========================== ENDING CRON: May 26, 2013 01:05:38
=============== STARTING CRON SCRIPT: May 26, 2013 01:06:34
++++++ Closing expired auctions
0 auctions to close

++++++ Archiving old auctions
0 auctions to archive
=========================== ENDING CRON: May 26, 2013 01:06:34
=============== STARTING CRON SCRIPT: May 26, 2013 01:08:24
++++++ Closing expired auctions
0 auctions to close

++++++ Archiving old auctions
0 auctions to archive
=========================== ENDING CRON: May 26, 2013 01:08:24
=============== STARTING CRON SCRIPT: May 26, 2013 01:09:07
++++++ Closing expired auctions
0 auctions to close

++++++ Archiving old auctions
0 auctions to archive
=========================== ENDING CRON: May 26, 2013 01:09:07
=============== STARTING CRON SCRIPT: May 26, 2013 01:09:13
++++++ Closing expired auctions
0 auctions to close

++++++ Archiving old auctions
0 auctions to archive
=========================== ENDING CRON: May 26, 2013 01:09:13
=============== STARTING CRON SCRIPT: May 26, 2013 01:09:16
++++++ Closing expired auctions
0 auctions to close

++++++ Archiving old auctions
0 auctions to archive
=========================== ENDING CRON: May 26, 2013 01:09:16
=============== STARTING CRON SCRIPT: May 26, 2013 01:09:46
++++++ Closing expired auctions
0 auctions to close

++++++ Archiving old auctions
0 auctions to archive
=========================== ENDING CRON: May 26, 2013 01:09:46
=============== STARTING CRON SCRIPT: May 26, 2013 01:13:47
++++++ Closing expired auctions
0 auctions to close

++++++ Archiving old auctions
0 auctions to archive
=========================== ENDING CRON: May 26, 2013 01:13:47
=============== STARTING CRON SCRIPT: May 26, 2013 01:15:24
++++++ Closing expired auctions
0 auctions to close

++++++ Archiving old auctions
0 auctions to archive
=========================== ENDING CRON: May 26, 2013 01:15:24
=============== STARTING CRON SCRIPT: May 26, 2013 01:15:55
++++++ Closing expired auctions
0 auctions to close

++++++ Archiving old auctions
0 auctions to archive
=========================== ENDING CRON: May 26, 2013 01:15:55
=============== STARTING CRON SCRIPT: May 26, 2013 01:18:09
++++++ Closing expired auctions
0 auctions to close

++++++ Archiving old auctions
0 auctions to archive
=========================== ENDING CRON: May 26, 2013 01:18:09
=============== STARTING CRON SCRIPT: May 26, 2013 01:18:22
++++++ Closing expired auctions
0 auctions to close

++++++ Archiving old auctions
0 auctions to archive
=========================== ENDING CRON: May 26, 2013 01:18:22
=============== STARTING CRON SCRIPT: May 26, 2013 01:19:45
++++++ Closing expired auctions
0 auctions to close

++++++ Archiving old auctions
0 auctions to archive
=========================== ENDING CRON: May 26, 2013 01:19:45
=============== STARTING CRON SCRIPT: May 26, 2013 01:19:56
++++++ Closing expired auctions
0 auctions to close

++++++ Archiving old auctions
0 auctions to archive
=========================== ENDING CRON: May 26, 2013 01:19:56
=============== STARTING CRON SCRIPT: May 26, 2013 01:22:08
++++++ Closing expired auctions
0 auctions to close

++++++ Archiving old auctions
0 auctions to archive
=========================== ENDING CRON: May 26, 2013 01:22:08
=============== STARTING CRON SCRIPT: May 26, 2013 01:52:56
++++++ Closing expired auctions
0 auctions to close

++++++ Archiving old auctions
0 auctions to archive
=========================== ENDING CRON: May 26, 2013 01:52:56
=============== STARTING CRON SCRIPT: May 26, 2013 01:55:16
++++++ Closing expired auctions
0 auctions to close

++++++ Archiving old auctions
0 auctions to archive
=========================== ENDING CRON: May 26, 2013 01:55:16
=============== STARTING CRON SCRIPT: May 26, 2013 01:55:19
++++++ Closing expired auctions
0 auctions to close

++++++ Archiving old auctions
0 auctions to archive
=========================== ENDING CRON: May 26, 2013 01:55:19
=============== STARTING CRON SCRIPT: May 26, 2013 01:55:29
++++++ Closing expired auctions
0 auctions to close

++++++ Archiving old auctions
0 auctions to archive
=========================== ENDING CRON: May 26, 2013 01:55:29
=============== STARTING CRON SCRIPT: May 26, 2013 01:56:24
++++++ Closing expired auctions
0 auctions to close

++++++ Archiving old auctions
0 auctions to archive
=========================== ENDING CRON: May 26, 2013 01:56:24
=============== STARTING CRON SCRIPT: May 26, 2013 01:56:36
++++++ Closing expired auctions
0 auctions to close

++++++ Archiving old auctions
0 auctions to archive
=========================== ENDING CRON: May 26, 2013 01:56:36
=============== STARTING CRON SCRIPT: May 26, 2013 01:58:48
++++++ Closing expired auctions
0 auctions to close

++++++ Archiving old auctions
0 auctions to archive
=========================== ENDING CRON: May 26, 2013 01:58:48
=============== STARTING CRON SCRIPT: May 26, 2013 01:59:08
++++++ Closing expired auctions
0 auctions to close

++++++ Archiving old auctions
0 auctions to archive
=========================== ENDING CRON: May 26, 2013 01:59:08
=============== STARTING CRON SCRIPT: May 26, 2013 01:59:16
++++++ Closing expired auctions
0 auctions to close

++++++ Archiving old auctions
0 auctions to archive
=========================== ENDING CRON: May 26, 2013 01:59:16
=============== STARTING CRON SCRIPT: May 26, 2013 02:12:53
++++++ Closing expired auctions
0 auctions to close

++++++ Archiving old auctions
0 auctions to archive
=========================== ENDING CRON: May 26, 2013 02:12:53
=============== STARTING CRON SCRIPT: May 26, 2013 02:13:05
++++++ Closing expired auctions
0 auctions to close

++++++ Archiving old auctions
0 auctions to archive
=========================== ENDING CRON: May 26, 2013 02:13:05
=============== STARTING CRON SCRIPT: May 26, 2013 02:13:08
++++++ Closing expired auctions
0 auctions to close

++++++ Archiving old auctions
0 auctions to archive
=========================== ENDING CRON: May 26, 2013 02:13:08
=============== STARTING CRON SCRIPT: May 26, 2013 02:14:24
++++++ Closing expired auctions
0 auctions to close

++++++ Archiving old auctions
0 auctions to archive
=========================== ENDING CRON: May 26, 2013 02:14:24
=============== STARTING CRON SCRIPT: May 26, 2013 02:14:27
++++++ Closing expired auctions
0 auctions to close

++++++ Archiving old auctions
0 auctions to archive
=========================== ENDING CRON: May 26, 2013 02:14:27
=============== STARTING CRON SCRIPT: May 26, 2013 02:16:09
++++++ Closing expired auctions
0 auctions to close

++++++ Archiving old auctions
0 auctions to archive
=========================== ENDING CRON: May 26, 2013 02:16:09
=============== STARTING CRON SCRIPT: May 26, 2013 02:16:12
++++++ Closing expired auctions
0 auctions to close

++++++ Archiving old auctions
0 auctions to archive
=========================== ENDING CRON: May 26, 2013 02:16:12
=============== STARTING CRON SCRIPT: May 26, 2013 02:17:06
++++++ Closing expired auctions
0 auctions to close

++++++ Archiving old auctions
0 auctions to archive
=========================== ENDING CRON: May 26, 2013 02:17:06
=============== STARTING CRON SCRIPT: May 26, 2013 02:17:14
++++++ Closing expired auctions
0 auctions to close

++++++ Archiving old auctions
0 auctions to archive
=========================== ENDING CRON: May 26, 2013 02:17:14
=============== STARTING CRON SCRIPT: May 26, 2013 02:17:21
++++++ Closing expired auctions
0 auctions to close

++++++ Archiving old auctions
0 auctions to archive
=========================== ENDING CRON: May 26, 2013 02:17:21
=============== STARTING CRON SCRIPT: May 26, 2013 02:20:28
++++++ Closing expired auctions
0 auctions to close

++++++ Archiving old auctions
0 auctions to archive
=========================== ENDING CRON: May 26, 2013 02:20:28
=============== STARTING CRON SCRIPT: May 26, 2013 02:31:01
++++++ Closing expired auctions
0 auctions to close

++++++ Archiving old auctions
0 auctions to archive
=========================== ENDING CRON: May 26, 2013 02:31:01
