25-05-2013, 11:33:08:: Unknown error type: [2] file_get_contents(http://www.webidsupport.com/version.txt) [<a href='function.file-get-contents'>function.file-get-contents</a>]: failed to open stream: Connection refused on /srv/disk1/1397896/www/crowdshpi.atwebpages.com/WeBid-1.0.6/includes/functions_admin.php line 98
25-05-2013, 11:33:08:: Unknown error type: [2] fopen(http://www.webidsupport.com/version.txt) [<a href='function.fopen'>function.fopen</a>]: failed to open stream: Connection refused on /srv/disk1/1397896/www/crowdshpi.atwebpages.com/WeBid-1.0.6/includes/functions_admin.php line 102
25-05-2013, 11:41:53:: Unknown error type: [2] file_get_contents(http://www.webidsupport.com/version.txt) [<a href='function.file-get-contents'>function.file-get-contents</a>]: failed to open stream: Connection refused on /srv/disk1/1397896/www/crowdshpi.atwebpages.com/WeBid-1.0.6/includes/functions_admin.php line 98
25-05-2013, 11:41:53:: Unknown error type: [2] fopen(http://www.webidsupport.com/version.txt) [<a href='function.fopen'>function.fopen</a>]: failed to open stream: Connection refused on /srv/disk1/1397896/www/crowdshpi.atwebpages.com/WeBid-1.0.6/includes/functions_admin.php line 102
25-05-2013, 21:59:45:: Unknown error type: [2] file_get_contents(http://www.webidsupport.com/version.txt) [<a href='function.file-get-contents'>function.file-get-contents</a>]: failed to open stream: Connection refused on /srv/disk1/1397896/www/crowdshpi.atwebpages.com/WeBid-1.0.6/includes/functions_admin.php line 98
25-05-2013, 21:59:45:: Unknown error type: [2] fopen(http://www.webidsupport.com/version.txt) [<a href='function.fopen'>function.fopen</a>]: failed to open stream: Connection refused on /srv/disk1/1397896/www/crowdshpi.atwebpages.com/WeBid-1.0.6/includes/functions_admin.php line 102
25-05-2013, 22:01:56:: Unknown error type: [2] fsockopen() [<a href='function.fsockopen'>function.fsockopen</a>]: unable to connect to api-verify.recaptcha.net:80 (Connection timed out) on /srv/disk1/1397896/www/crowdshpi.atwebpages.com/WeBid-1.0.6/includes/captcha/recaptchalib.php line 83
25-05-2013, 22:02:18:: Unknown error type: [2] fsockopen() [<a href='function.fsockopen'>function.fsockopen</a>]: unable to connect to api-verify.recaptcha.net:80 (Connection timed out) on /srv/disk1/1397896/www/crowdshpi.atwebpages.com/WeBid-1.0.6/includes/captcha/recaptchalib.php line 83
25-05-2013, 22:03:16:: Unknown error type: [2] fsockopen() [<a href='function.fsockopen'>function.fsockopen</a>]: unable to connect to api-verify.recaptcha.net:80 (Connection timed out) on /srv/disk1/1397896/www/crowdshpi.atwebpages.com/WeBid-1.0.6/includes/captcha/recaptchalib.php line 83
25-05-2013, 22:03:41:: Unknown error type: [2] file_get_contents(http://www.webidsupport.com/version.txt) [<a href='function.file-get-contents'>function.file-get-contents</a>]: failed to open stream: Connection refused on /srv/disk1/1397896/www/crowdshpi.atwebpages.com/WeBid-1.0.6/includes/functions_admin.php line 98
25-05-2013, 22:03:41:: Unknown error type: [2] fopen(http://www.webidsupport.com/version.txt) [<a href='function.fopen'>function.fopen</a>]: failed to open stream: Connection refused on /srv/disk1/1397896/www/crowdshpi.atwebpages.com/WeBid-1.0.6/includes/functions_admin.php line 102
25-05-2013, 22:03:56:: Unknown error type: [2] file_get_contents(http://www.webidsupport.com/version.txt) [<a href='function.file-get-contents'>function.file-get-contents</a>]: failed to open stream: Connection refused on /srv/disk1/1397896/www/crowdshpi.atwebpages.com/WeBid-1.0.6/includes/functions_admin.php line 98
25-05-2013, 22:03:56:: Unknown error type: [2] fopen(http://www.webidsupport.com/version.txt) [<a href='function.fopen'>function.fopen</a>]: failed to open stream: Connection refused on /srv/disk1/1397896/www/crowdshpi.atwebpages.com/WeBid-1.0.6/includes/functions_admin.php line 102
25-05-2013, 12:14:16:: Unknown error type: [2] file_get_contents(http://www.webidsupport.com/version.txt) [<a href='function.file-get-contents'>function.file-get-contents</a>]: failed to open stream: Connection refused on /srv/disk1/1397896/www/crowdshpi.atwebpages.com/WeBid-1.0.6/includes/functions_admin.php line 98
25-05-2013, 12:14:16:: Unknown error type: [2] fopen(http://www.webidsupport.com/version.txt) [<a href='function.fopen'>function.fopen</a>]: failed to open stream: Connection refused on /srv/disk1/1397896/www/crowdshpi.atwebpages.com/WeBid-1.0.6/includes/functions_admin.php line 102
26-05-2013, 10:35:48:: Unknown error type: [2] file_get_contents(http://www.webidsupport.com/version.txt) [<a href='function.file-get-contents'>function.file-get-contents</a>]: failed to open stream: Connection refused on /srv/disk1/1397896/www/crowdshpi.atwebpages.com/WeBid-1.0.6/includes/functions_admin.php line 98
26-05-2013, 10:35:48:: Unknown error type: [2] fopen(http://www.webidsupport.com/version.txt) [<a href='function.fopen'>function.fopen</a>]: failed to open stream: Connection refused on /srv/disk1/1397896/www/crowdshpi.atwebpages.com/WeBid-1.0.6/includes/functions_admin.php line 102
26-05-2013, 12:17:10:: Database access error. Please contact the site administrator.	SELECT description FROM webid_durations WHERE days = 
	You have an error in your SQL syntax; check the manual that corresponds to your MySQL server version for the right syntax to use near '' at line 1
	page:/srv/disk1/1397896/www/crowdshpi.atwebpages.com/WeBid-1.0.6/sell.php line:436
